{
  "uid" : "577ce4581c97a7bc",
  "name" : "test_div[fail]",
  "fullName" : "test_calc.TestCalc#test_div",
  "historyId" : "7ecc4e6d60c28e4e3bb167ed3d868fe6",
  "time" : {
    "start" : 1612147341881,
    "stop" : 1612147341881,
    "duration" : 0
  },
  "status" : "failed",
  "statusMessage" : "AssertionError: assert 0.5 == 0.9",
  "statusTrace" : "self = <testcase.test_calc.TestCalc object at 0x0000023BC13E7610>, a = 0.2, b = 0.4, expect = 0.9, get_calc = <test_code.calc.Calculator object at 0x0000023BC1308670>\ncaculate = None\n\n    @pytest.mark.parametrize(\"a,b,expect\", divdatas_data, ids=myid_div)\n    @pytest.mark.run(order=4)\n    def test_div(self, a, b, expect,get_calc,caculate):\n        # 判断b不能等于0\n        if b == 0:\n            print(\"除数不能等于0\")\n            assert False\n    \n        elif a is None:\n            print(\"不能为空\")\n            assert False\n    \n        elif 999999 <= a or a <= -999999:\n            print(\"不能低于最小值\")\n            assert False\n    \n        # 调用conftest里面的方法\n        else:\n            result = get_calc.div(a, b)\n            if isinstance(result, float):\n                result = round(result, 2)\n    \n>           assert result == expect\nE           assert 0.5 == 0.9\n\ntest_calc.py:97: AssertionError",
  "flaky" : false,
  "newFailed" : false,
  "beforeStages" : [ {
    "name" : "caculate",
    "time" : {
      "start" : 1612147341880,
      "stop" : 1612147341880,
      "duration" : 0
    },
    "status" : "passed",
    "steps" : [ ],
    "attachments" : [ ],
    "parameters" : [ ],
    "attachmentsCount" : 0,
    "shouldDisplayMessage" : false,
    "stepsCount" : 0,
    "hasContent" : false
  }, {
    "name" : "get_calc",
    "time" : {
      "start" : 1612147341617,
      "stop" : 1612147341617,
      "duration" : 0
    },
    "status" : "passed",
    "steps" : [ ],
    "attachments" : [ ],
    "parameters" : [ ],
    "attachmentsCount" : 0,
    "shouldDisplayMessage" : false,
    "stepsCount" : 0,
    "hasContent" : false
  } ],
  "testStage" : {
    "status" : "failed",
    "statusMessage" : "AssertionError: assert 0.5 == 0.9",
    "statusTrace" : "self = <testcase.test_calc.TestCalc object at 0x0000023BC13E7610>, a = 0.2, b = 0.4, expect = 0.9, get_calc = <test_code.calc.Calculator object at 0x0000023BC1308670>\ncaculate = None\n\n    @pytest.mark.parametrize(\"a,b,expect\", divdatas_data, ids=myid_div)\n    @pytest.mark.run(order=4)\n    def test_div(self, a, b, expect,get_calc,caculate):\n        # 判断b不能等于0\n        if b == 0:\n            print(\"除数不能等于0\")\n            assert False\n    \n        elif a is None:\n            print(\"不能为空\")\n            assert False\n    \n        elif 999999 <= a or a <= -999999:\n            print(\"不能低于最小值\")\n            assert False\n    \n        # 调用conftest里面的方法\n        else:\n            result = get_calc.div(a, b)\n            if isinstance(result, float):\n                result = round(result, 2)\n    \n>           assert result == expect\nE           assert 0.5 == 0.9\n\ntest_calc.py:97: AssertionError",
    "steps" : [ ],
    "attachments" : [ {
      "uid" : "bf1b39b45fa06721",
      "name" : "stdout",
      "source" : "bf1b39b45fa06721.txt",
      "type" : "text/plain",
      "size" : 26
    } ],
    "parameters" : [ ],
    "attachmentsCount" : 1,
    "shouldDisplayMessage" : true,
    "stepsCount" : 0,
    "hasContent" : true
  },
  "afterStages" : [ {
    "name" : "caculate::0",
    "time" : {
      "start" : 1612147341885,
      "stop" : 1612147341885,
      "duration" : 0
    },
    "status" : "passed",
    "steps" : [ ],
    "attachments" : [ ],
    "parameters" : [ ],
    "attachmentsCount" : 0,
    "shouldDisplayMessage" : false,
    "stepsCount" : 0,
    "hasContent" : false
  } ],
  "labels" : [ {
    "name" : "tag",
    "value" : "run(order=4)"
  }, {
    "name" : "suite",
    "value" : "test_calc"
  }, {
    "name" : "subSuite",
    "value" : "TestCalc"
  }, {
    "name" : "host",
    "value" : "LAPTOP-CV4D84I5"
  }, {
    "name" : "thread",
    "value" : "32636-MainThread"
  }, {
    "name" : "framework",
    "value" : "pytest"
  }, {
    "name" : "language",
    "value" : "cpython3"
  }, {
    "name" : "package",
    "value" : "test_calc"
  }, {
    "name" : "resultFormat",
    "value" : "allure2"
  } ],
  "parameters" : [ {
    "name" : "a",
    "value" : "0.2"
  }, {
    "name" : "b",
    "value" : "0.4"
  }, {
    "name" : "expect",
    "value" : "0.9"
  } ],
  "links" : [ ],
  "hidden" : false,
  "retry" : false,
  "extra" : {
    "severity" : "normal",
    "retries" : [ ],
    "categories" : [ {
      "name" : "Product defects",
      "matchedStatuses" : [ ],
      "flaky" : false
    } ],
    "tags" : [ "run(order=4)" ]
  },
  "source" : "577ce4581c97a7bc.json",
  "parameterValues" : [ "0.2", "0.4", "0.9" ]
}